<?xml version="1.0" encoding="UTF-8"?>
<con:testCase id="b675381a-823c-4f08-8fe7-5d6f626735e0" discardOkResults="false" failOnError="false" failTestCaseOnErrors="true" keepSession="false" name="Test Case 1" searchProperties="true" timeout="0" xmlns:con="http://eviware.com/soapui/config">
  <con:settings id="f7b9b02d-410d-484f-b7b8-8f13600f1357">
    <con:setting id="b675381a-823c-4f08-8fe7-5d6f626735e0fileName">Test-Case-1</con:setting>
  </con:settings>
  <con:properties/>
  <con:reportParameters/>
</con:testCase>
