<?xml version="1.0" encoding="UTF-8"?>
<con:testCase id="7d212d34-3fc9-4a59-a8d2-c794a1bdbc08" discardOkResults="false" failOnError="false" failTestCaseOnErrors="true" keepSession="false" name="Test Case 1" searchProperties="true" timeout="0" xmlns:con="http://eviware.com/soapui/config">
  <con:settings id="db0901cb-8a9c-41e3-be7c-87217f0b8ffd">
    <con:setting id="7d212d34-3fc9-4a59-a8d2-c794a1bdbc08fileName">Test-Case-1</con:setting>
  </con:settings>
  <con:properties/>
  <con:reportParameters/>
</con:testCase>
