<?xml version="1.0" encoding="UTF-8"?>
<con:testCase id="546b8499-0d42-4006-a8dc-8c7d2a2b64ba" discardOkResults="false" failOnError="false" failTestCaseOnErrors="true" keepSession="false" name="Test Case 1" searchProperties="true" timeout="0" xmlns:con="http://eviware.com/soapui/config">
  <con:settings id="a92b14c3-3613-4840-b2e1-4daf02c19c6a">
    <con:setting id="546b8499-0d42-4006-a8dc-8c7d2a2b64bafileName">Test-Case-1</con:setting>
  </con:settings>
  <con:properties/>
  <con:reportParameters/>
</con:testCase>
