<?xml version="1.0" encoding="UTF-8"?>
<con:testCase id="e2529a3d-3239-442b-89ef-8f592aeb38c6" discardOkResults="false" failOnError="false" failTestCaseOnErrors="true" keepSession="false" name="Test Case 1" searchProperties="true" timeout="0" xmlns:con="http://eviware.com/soapui/config">
  <con:settings id="b853e9f2-5255-4603-afe3-0bde14a5e3a5">
    <con:setting id="e2529a3d-3239-442b-89ef-8f592aeb38c6fileName">Test-Case-1</con:setting>
  </con:settings>
  <con:properties/>
  <con:reportParameters/>
</con:testCase>
