<?xml version="1.0" encoding="UTF-8"?>
<con:testCase id="6628cbda-0da2-4c06-abd2-045a52a29975" discardOkResults="false" failOnError="false" failTestCaseOnErrors="true" keepSession="false" name="Test Case 1" searchProperties="true" timeout="0" xmlns:con="http://eviware.com/soapui/config">
  <con:settings id="e655a4c0-ef51-4830-834a-dd843740d47b">
    <con:setting id="6628cbda-0da2-4c06-abd2-045a52a29975fileName">Test-Case-1</con:setting>
  </con:settings>
  <con:properties/>
  <con:reportParameters/>
</con:testCase>
