<?xml version="1.0" encoding="UTF-8"?>
<con:testCase id="98818a36-9c37-4b0a-bdfe-1aaabac87e72" discardOkResults="false" failOnError="false" failTestCaseOnErrors="true" keepSession="false" name="Test Case 1" searchProperties="true" timeout="0" xmlns:con="http://eviware.com/soapui/config">
  <con:settings id="6bac276c-d9a4-4183-8994-f65687f9eedb">
    <con:setting id="98818a36-9c37-4b0a-bdfe-1aaabac87e72fileName">Test-Case-1</con:setting>
  </con:settings>
  <con:properties/>
  <con:reportParameters/>
</con:testCase>
