<?xml version="1.0" encoding="UTF-8"?>
<con:testCase id="332685a8-2539-4def-bb46-bf81c6a475eb" discardOkResults="false" failOnError="false" failTestCaseOnErrors="true" keepSession="false" name="Test Case 1" searchProperties="true" timeout="0" xmlns:con="http://eviware.com/soapui/config">
  <con:settings id="9c052840-6a72-4962-946d-243da3fdd8ef">
    <con:setting id="332685a8-2539-4def-bb46-bf81c6a475ebfileName">Test-Case-1</con:setting>
  </con:settings>
  <con:properties/>
  <con:reportParameters/>
</con:testCase>
