<?xml version="1.0" encoding="UTF-8"?>
<con:testCase id="cd738d08-00fd-4951-b940-23250110410d" discardOkResults="false" failOnError="false" failTestCaseOnErrors="true" keepSession="false" name="Test Case 1" searchProperties="true" timeout="0" xmlns:con="http://eviware.com/soapui/config">
  <con:settings>
    <con:setting id="cd738d08-00fd-4951-b940-23250110410dfileName">Test-Case-1</con:setting>
  </con:settings>
  <con:properties/>
  <con:reportParameters/>
</con:testCase>
